
> yutodev@0.1.0 build /Users/s20106/Desktop/yutodev/apps/web
> NEXT_PUBLIC_APP_ENV=production pathpida --enableStatic && next build

warn  - Invalid next.config.js options detected: 
  - The value at .experimental has an unexpected property, optimizeFonts, which is not in the list of allowed properties (adjustFontFallbacks, adjustFontFallbacksWithSizeAdjust, allowedRevalidateHeaderKeys, amp, cpus, craCompat, disableOptimizedLoading, disablePostcssPresetEnv, esmExternals, appDir, externalDir, fallbackNodePolyfills, fetchCache, forceSwcTransforms, fullySpecified, gzipSize, incrementalCacheHandlerPath, isrFlushToDisk, isrMemoryCacheSize, largePageDataBytes, legacyBrowsers, manualClientBasePath, middlewarePrefetch, newNextLinkBehavior, nextScriptWorkers, optimizeCss, optimisticClientCache, outputFileTracingRoot, outputFileTracingIgnores, pageEnv, preCompiledNextServer, proxyTimeout, runtime, serverComponentsExternalPackages, scrollRestoration, sharedPool, sri, swcFileReading, swcMinify, swcMinifyDebugOptions, swcPlugins, swcTraceProfiling, urlImports, enableUndici, workerThreads, fontLoaders, webVitalsAttribution, mdxRs, turbopackLoaders, turbotrace).

See more info here: https://nextjs.org/docs/messages/invalid-next-config
warn  - You have enabled experimental feature (optimizeFonts) in next.config.mjs.
warn  - Experimental features are not covered by semver, and may cause unexpected or broken application behavior. Use at your own risk.

warn  - Invalid next.config.js options detected: 
  - The value at .experimental has an unexpected property, optimizeFonts, which is not in the list of allowed properties (adjustFontFallbacks, adjustFontFallbacksWithSizeAdjust, allowedRevalidateHeaderKeys, amp, cpus, craCompat, disableOptimizedLoading, disablePostcssPresetEnv, esmExternals, appDir, externalDir, fallbackNodePolyfills, fetchCache, forceSwcTransforms, fullySpecified, gzipSize, incrementalCacheHandlerPath, isrFlushToDisk, isrMemoryCacheSize, largePageDataBytes, legacyBrowsers, manualClientBasePath, middlewarePrefetch, newNextLinkBehavior, nextScriptWorkers, optimizeCss, optimisticClientCache, outputFileTracingRoot, outputFileTracingIgnores, pageEnv, preCompiledNextServer, proxyTimeout, runtime, serverComponentsExternalPackages, scrollRestoration, sharedPool, sri, swcFileReading, swcMinify, swcMinifyDebugOptions, swcPlugins, swcTraceProfiling, urlImports, enableUndici, workerThreads, fontLoaders, webVitalsAttribution, mdxRs, turbopackLoaders, turbotrace).

See more info here: https://nextjs.org/docs/messages/invalid-next-config
warn  - You have enabled experimental feature (optimizeFonts) in next.config.mjs.
warn  - Experimental features are not covered by semver, and may cause unexpected or broken application behavior. Use at your own risk.

info  - Linting and checking validity of types...
info  - Creating an optimized production build...
Browserslist: caniuse-lite is outdated. Please run:
  npx browserslist@latest --update-db
  Why you should do it regularly: https://github.com/browserslist/browserslist#browsers-data-updating
Browserslist: caniuse-lite is outdated. Please run:
  npx browserslist@latest --update-db
  Why you should do it regularly: https://github.com/browserslist/browserslist#browsers-data-updating
<w> [webpack.cache.PackFileCacheStrategy] Skipped not serializable cache item 'Compilation/modules|/Users/s20106/Desktop/yutodev/node_modules/.pnpm/next@13.1.6_@babel+core@7.21.4_react-dom@18.2.0_react@18.2.0/node_modules/next/dist/build/webpack/loaders/css-loader/src/index.js??ruleSet[1].rules[4].oneOf[0].use[1]!/Users/s20106/Desktop/yutodev/node_modules/.pnpm/next@13.1.6_@babel+core@7.21.4_react-dom@18.2.0_react@18.2.0/node_modules/next/dist/build/webpack/loaders/postcss-loader/src/index.js??ruleSet[1].rules[4].oneOf[0].use[2]!/Users/s20106/Desktop/yutodev/node_modules/.pnpm/@vanilla-extract+webpack-plugin@2.2.0_@types+node@17.0.35_webpack@5.82.0/node_modules/@vanilla-extract/webpack-plugin/virtualFileLoader/dist/vanilla-extract-webpack-plugin-virtualFileLoader.cjs.js?{"fileName":"src/component/Page/Profile/styles.css.ts.vanilla.css","source":"Lmt4amM4bzAgewogIG1hcmdpbi10b3A6IDI0cHg7CiAgYm9yZGVyLWJvdHRvbTogMXB4IHNvbGlkICMxMTE4Mjc7Cn0KLmt4amM4bzEgewogIG1hcmdpbi10b3A6IDI0cHg7CiAgZm9udC1zaXplOiAxOHB4OwogIGZvbnQtd2VpZ2h0OiA1MDA7Cn0KLmt4amM4bzIgewogIGRpc3BsYXk6IGZsZXg7CiAgYWxpZ24taXRlbXM6IGNlbnRlcjsKICBqdXN0aWZ5LWNvbnRlbnQ6IGVuZDsKfQoua3hqYzhvMyB7CiAgdGV4dC11bmRlcmxpbmUtcG9zaXRpb246IHVuZGVyOwogIHRleHQtZGVjb3JhdGlvbi1saW5lOiB1bmRlcmxpbmU7CiAgY29sb3I6ICMxRDRFRDg7CiAgbWFyZ2luLWxlZnQ6IDVweDsKfQ=="}!/Users/s20106/Desktop/yutodev/node_modules/.pnpm/@vanilla-extract+webpack-plugin@2.2.0_@types+node@17.0.35_webpack@5.82.0/node_modules/@vanilla-extract/webpack-plugin/extracted.js': No serializer registered for Warning
<w> while serializing webpack/lib/cache/PackFileCacheStrategy.PackContentItems -> webpack/lib/NormalModule -> Array { 1 items } -> webpack/lib/ModuleWarning -> Warning
warn  - Compiled with warnings

../../node_modules/.pnpm/@vanilla-extract+webpack-plugin@2.2.0_@types+node@17.0.35_webpack@5.82.0/node_modules/@vanilla-extract/webpack-plugin/extracted.js.webpack[javascript/auto]!=!../../node_modules/.pnpm/next@13.1.6_@babel+core@7.21.4_react-dom@18.2.0_react@18.2.0/node_modules/next/dist/build/webpack/loaders/css-loader/src/index.js??ruleSet[1].rules[4].oneOf[0].use[1]!../../node_modules/.pnpm/next@13.1.6_@babel+core@7.21.4_react-dom@18.2.0_react@18.2.0/node_modules/next/dist/build/webpack/loaders/postcss-loader/src/index.js??ruleSet[1].rules[4].oneOf[0].use[2]!../../node_modules/.pnpm/@vanilla-extract+webpack-plugin@2.2.0_@types+node@17.0.35_webpack@5.82.0/node_modules/@vanilla-extract/webpack-plugin/virtualFileLoader/dist/vanilla-extract-webpack-plugin-virtualFileLoader.cjs.js?{"fileName":"src/component/Page/Profile/styles.css.ts.vanilla.css","source":"Lmt4amM4bzAgewogIG1hcmdpbi10b3A6IDI0cHg7CiAgYm9yZGVyLWJvdHRvbTogMXB4IHNvbGlkICMxMTE4Mjc7Cn0KLmt4amM4bzEgewogIG1hcmdpbi10b3A6IDI0cHg7CiAgZm9udC1zaXplOiAxOHB4OwogIGZvbnQtd2VpZ2h0OiA1MDA7Cn0KLmt4amM4bzIgewogIGRpc3BsYXk6IGZsZXg7CiAgYWxpZ24taXRlbXM6IGNlbnRlcjsKICBqdXN0aWZ5LWNvbnRlbnQ6IGVuZDsKfQoua3hqYzhvMyB7CiAgdGV4dC11bmRlcmxpbmUtcG9zaXRpb246IHVuZGVyOwogIHRleHQtZGVjb3JhdGlvbi1saW5lOiB1bmRlcmxpbmU7CiAgY29sb3I6ICMxRDRFRDg7CiAgbWFyZ2luLWxlZnQ6IDVweDsKfQ=="}!../../node_modules/.pnpm/@vanilla-extract+webpack-plugin@2.2.0_@types+node@17.0.35_webpack@5.82.0/node_modules/@vanilla-extract/webpack-plugin/extracted.js
Warning

(13:3) autoprefixer: end value has mixed support, consider using flex-end instead

Import trace for requested module:
../../node_modules/.pnpm/@vanilla-extract+webpack-plugin@2.2.0_@types+node@17.0.35_webpack@5.82.0/node_modules/@vanilla-extract/webpack-plugin/extracted.js.webpack[javascript/auto]!=!../../node_modules/.pnpm/next@13.1.6_@babel+core@7.21.4_react-dom@18.2.0_react@18.2.0/node_modules/next/dist/build/webpack/loaders/css-loader/src/index.js??ruleSet[1].rules[4].oneOf[0].use[1]!../../node_modules/.pnpm/next@13.1.6_@babel+core@7.21.4_react-dom@18.2.0_react@18.2.0/node_modules/next/dist/build/webpack/loaders/postcss-loader/src/index.js??ruleSet[1].rules[4].oneOf[0].use[2]!../../node_modules/.pnpm/@vanilla-extract+webpack-plugin@2.2.0_@types+node@17.0.35_webpack@5.82.0/node_modules/@vanilla-extract/webpack-plugin/virtualFileLoader/dist/vanilla-extract-webpack-plugin-virtualFileLoader.cjs.js?{"fileName":"src/component/Page/Profile/styles.css.ts.vanilla.css","source":"Lmt4amM4bzAgewogIG1hcmdpbi10b3A6IDI0cHg7CiAgYm9yZGVyLWJvdHRvbTogMXB4IHNvbGlkICMxMTE4Mjc7Cn0KLmt4amM4bzEgewogIG1hcmdpbi10b3A6IDI0cHg7CiAgZm9udC1zaXplOiAxOHB4OwogIGZvbnQtd2VpZ2h0OiA1MDA7Cn0KLmt4amM4bzIgewogIGRpc3BsYXk6IGZsZXg7CiAgYWxpZ24taXRlbXM6IGNlbnRlcjsKICBqdXN0aWZ5LWNvbnRlbnQ6IGVuZDsKfQoua3hqYzhvMyB7CiAgdGV4dC11bmRlcmxpbmUtcG9zaXRpb246IHVuZGVyOwogIHRleHQtZGVjb3JhdGlvbi1saW5lOiB1bmRlcmxpbmU7CiAgY29sb3I6ICMxRDRFRDg7CiAgbWFyZ2luLWxlZnQ6IDVweDsKfQ=="}!../../node_modules/.pnpm/@vanilla-extract+webpack-plugin@2.2.0_@types+node@17.0.35_webpack@5.82.0/node_modules/@vanilla-extract/webpack-plugin/extracted.js
src/component/Page/Profile/styles.css.ts.vanilla.css!=!../../node_modules/.pnpm/@vanilla-extract+webpack-plugin@2.2.0_@types+node@17.0.35_webpack@5.82.0/node_modules/@vanilla-extract/webpack-plugin/virtualFileLoader/dist/vanilla-extract-webpack-plugin-virtualFileLoader.cjs.js?{"fileName":"src/component/Page/Profile/styles.css.ts.vanilla.css","source":"Lmt4amM4bzAgewogIG1hcmdpbi10b3A6IDI0cHg7CiAgYm9yZGVyLWJvdHRvbTogMXB4IHNvbGlkICMxMTE4Mjc7Cn0KLmt4amM4bzEgewogIG1hcmdpbi10b3A6IDI0cHg7CiAgZm9udC1zaXplOiAxOHB4OwogIGZvbnQtd2VpZ2h0OiA1MDA7Cn0KLmt4amM4bzIgewogIGRpc3BsYXk6IGZsZXg7CiAgYWxpZ24taXRlbXM6IGNlbnRlcjsKICBqdXN0aWZ5LWNvbnRlbnQ6IGVuZDsKfQoua3hqYzhvMyB7CiAgdGV4dC11bmRlcmxpbmUtcG9zaXRpb246IHVuZGVyOwogIHRleHQtZGVjb3JhdGlvbi1saW5lOiB1bmRlcmxpbmU7CiAgY29sb3I6ICMxRDRFRDg7CiAgbWFyZ2luLWxlZnQ6IDVweDsKfQ=="}!../../node_modules/.pnpm/@vanilla-extract+webpack-plugin@2.2.0_@types+node@17.0.35_webpack@5.82.0/node_modules/@vanilla-extract/webpack-plugin/extracted.js
./src/component/Page/Profile/styles.css.ts
./src/component/Page/Profile/Profile.tsx
./src/component/Page/Profile/index.ts

info  - Collecting page data...
info  - Generating static pages (0/14)
info  - Generating static pages (3/14)
info  - Generating static pages (6/14)
info  - Generating static pages (10/14)
info  - Generating static pages (14/14)
info  - Finalizing page optimization...

Route (pages)                                 Size     First Load JS
┌ ● / (426 ms)                                4.79 kB        97.8 kB
├   └ css/a27e4de64786bdce.css                517 B
├   /_app                                     0 B            86.1 kB
├ ○ /404                                      183 B          86.3 kB
├ ● /posts/[slug] (3795 ms)                   1.79 kB        94.8 kB
├   └ css/e40fa74898ce15a5.css                2.36 kB
├   ├ /posts/basic-writing-of-rust (742 ms)
├   ├ /posts/about-cls (726 ms)
├   ├ /posts/discord-nextauth-login (585 ms)
├   ├ /posts/hackbar-grass (541 ms)
├   ├ /posts/introduction-to-rust (498 ms)
├   ├ /posts/react-query-cache (482 ms)
├   ├ /posts/pnpm-version-change
├   └ [+3 more paths]
└ ○ /profile (384 ms)                         5.2 kB         98.2 kB
    └ css/f460f2f268959591.css                300 B
+ First Load JS shared by all                 86.2 kB
  ├ chunks/framework-2647c7e378e02044.js      45.2 kB
  ├ chunks/main-2a137e04c05afc31.js           26.8 kB
  ├ chunks/pages/_app-fce9d7c7416c0124.js     13.2 kB
  ├ chunks/webpack-0b5d8249fb15f5f3.js        939 B
  └ css/01fc9c239d5ee457.css                  54 B

○  (Static)  automatically rendered as static HTML (uses no initial props)
●  (SSG)     automatically generated as static HTML + JSON (uses getStaticProps)

